<?xml version="1.0" encoding="UTF-8"?>
<testng-results ignored="0" total="1" passed="1" failed="0" skipped="0">
  <reporter-output>
  </reporter-output>
  <suite started-at="2018-09-15T19:05:02Z" name="kindlepaperwhite" finished-at="2018-09-15T19:05:14Z" duration-ms="11288">
    <groups>
    </groups>
    <test started-at="2018-09-15T19:05:02Z" name="loginscreen Test" finished-at="2018-09-15T19:05:14Z" duration-ms="11288">
      <class name="TestCases.verifyloginscreen">
        <test-method is-config="true" signature="setup()[pri:0, instance:TestCases.verifyloginscreen@7096b474]" started-at="2018-09-15T19:04:46Z" name="setup" finished-at="2018-09-15T19:05:02Z" duration-ms="16787" status="PASS">
          <reporter-output>
          </reporter-output>
        </test-method> <!-- setup -->
        <test-method signature="verifyTitle()[pri:1, instance:TestCases.verifyloginscreen@7096b474]" started-at="2018-09-15T19:05:02Z" name="verifyTitle" description="Verify User is on the Home Page" finished-at="2018-09-15T19:05:13Z" duration-ms="10269" status="PASS">
          <reporter-output>
          </reporter-output>
        </test-method> <!-- verifyTitle -->
        <test-method is-config="true" signature="tearDown(org.testng.ITestResult)[pri:0, instance:TestCases.verifyloginscreen@7096b474]" started-at="2018-09-15T19:05:13Z" name="tearDown" finished-at="2018-09-15T19:05:14Z" duration-ms="1003" status="PASS">
          <params>
            <param index="0">
              <value>
                <![CDATA[[TestResult name=verifyTitle status=SUCCESS method=verifyloginscreen.verifyTitle()[pri:1, instance:TestCases.verifyloginscreen@7096b474] output={null}]]]>
              </value>
            </param>
          </params>
          <reporter-output>
          </reporter-output>
        </test-method> <!-- tearDown -->
        <test-method is-config="true" signature="tearDown()[pri:0, instance:TestCases.verifyloginscreen@7096b474]" started-at="2018-09-15T19:05:14Z" name="tearDown" finished-at="2018-09-15T19:05:15Z" duration-ms="896" status="PASS">
          <reporter-output>
          </reporter-output>
        </test-method> <!-- tearDown -->
      </class> <!-- TestCases.verifyloginscreen -->
    </test> <!-- loginscreen Test -->
  </suite> <!-- kindlepaperwhite -->
</testng-results>
